#
# There is insufficient memory for the Java Runtime Environment to continue.
# Native memory allocation (malloc) failed to allocate 670736 bytes for Chunk::new
# Possible reasons:
#   The system is out of physical RAM or swap space
#   In 32 bit mode, the process size limit was hit
# Possible solutions:
#   Reduce memory load on the system
#   Increase physical memory or swap space
#   Check if swap backing store is full
#   Use 64 bit Java on a 64 bit OS
#   Decrease Java heap size (-Xmx/-Xms)
#   Decrease number of Java threads
#   Decrease Java thread stack sizes (-Xss)
#   Set larger code cache with -XX:ReservedCodeCacheSize=
# This output file may be truncated or incomplete.
#
#  Out of Memory Error (allocation.cpp:390), pid=20084, tid=0x0000000000002b58
#
# JRE version: Java(TM) SE Runtime Environment (8.0_101-b13) (build 1.8.0_101-b13)
# Java VM: Java HotSpot(TM) 64-Bit Server VM (25.101-b13 mixed mode windows-amd64 compressed oops)
# Failed to write core dump. Minidumps are not enabled by default on client versions of Windows
#

---------------  T H R E A D  ---------------

Current thread (0x000000001a115800):  JavaThread "C2 CompilerThread0" daemon [_thread_in_native, id=11096, stack(0x000000001a8e0000,0x000000001a9e0000)]

Stack: [0x000000001a8e0000,0x000000001a9e0000]
[error occurred during error reporting (printing stack bounds), id 0xc0000005]

Native frames: (J=compiled Java code, j=interpreted, Vv=VM code, C=native code)


Current CompileTask:
C2:   4303 3428       4       java.net.URLStreamHandler::parseURL (1158 bytes)


---------------  P R O C E S S  ---------------

Java Threads: ( => current thread )
  0x000000001afa0800 JavaThread "com.xdclass.couponapp.JMHspringbootTest.test-jmh-worker-1" daemon [_thread_in_vm, id=23460, stack(0x000000001beb0000,0x000000001bfb0000)]
  0x000000001a1b6000 JavaThread "Service Thread" daemon [_thread_blocked, id=18996, stack(0x000000001ace0000,0x000000001ade0000)]
  0x000000001a11e800 JavaThread "C1 CompilerThread3" daemon [_thread_blocked, id=2168, stack(0x000000001abe0000,0x000000001ace0000)]
  0x000000001a11e000 JavaThread "C2 CompilerThread2" daemon [_thread_in_native, id=10460, stack(0x000000001aae0000,0x000000001abe0000)]
  0x000000001a11a000 JavaThread "C2 CompilerThread1" daemon [_thread_in_native, id=25472, stack(0x000000001a9e0000,0x000000001aae0000)]
=>0x000000001a115800 JavaThread "C2 CompilerThread0" daemon [_thread_in_native, id=11096, stack(0x000000001a8e0000,0x000000001a9e0000)]
  0x000000001a0f6000 JavaThread "Monitor Ctrl-Break" daemon [_thread_in_native, id=26196, stack(0x000000001a7e0000,0x000000001a8e0000)]
  0x0000000019916000 JavaThread "Attach Listener" daemon [_thread_blocked, id=21884, stack(0x0000000019ee0000,0x0000000019fe0000)]
  0x00000000198a6800 JavaThread "Signal Dispatcher" daemon [_thread_blocked, id=17240, stack(0x0000000019de0000,0x0000000019ee0000)]
  0x00000000028ed800 JavaThread "Finalizer" daemon [_thread_blocked, id=21060, stack(0x0000000019c80000,0x0000000019d80000)]
  0x00000000028ec000 JavaThread "Reference Handler" daemon [_thread_blocked, id=18696, stack(0x0000000019780000,0x0000000019880000)]
  0x00000000027ee000 JavaThread "main" [_thread_blocked, id=8680, stack(0x00000000026c0000,0x00000000027c0000)]

Other Threads:
  0x0000000017999800 VMThread [stack: 0x0000000019680000,0x0000000019780000] [id=1744]
  0x000000001a271800 WatcherThread [stack: 0x000000001ade0000,0x000000001aee0000] [id=26040]

VM state:not at safepoint (normal execution)

VM Mutex/Monitor currently owned by a thread: None

Heap:
 PSYoungGen      total 204800K, used 21087K [0x00000000d6200000, 0x00000000e3d00000, 0x0000000100000000)
  eden space 194048K, 10% used [0x00000000d6200000,0x00000000d7697c60,0x00000000e1f80000)
  from space 10752K, 0% used [0x00000000e3280000,0x00000000e3280000,0x00000000e3d00000)
  to   space 13312K, 0% used [0x00000000e2300000,0x00000000e2300000,0x00000000e3000000)
 ParOldGen       total 93184K, used 15157K [0x0000000082600000, 0x0000000088100000, 0x00000000d6200000)
  object space 93184K, 16% used [0x0000000082600000,0x00000000834cd598,0x0000000088100000)
 Metaspace       used 34676K, capacity 36102K, committed 36312K, reserved 1081344K
  class space    used 4391K, capacity 4663K, committed 4736K, reserved 1048576K

Card table byte_map: [0x0000000011e30000,0x0000000012220000] byte_map_base: 0x0000000011a1d000

Marking Bits: (ParMarkBitMap*) 0x0000000059b5a6d0
 Begin Bits: [0x0000000012cc0000, 0x0000000014c28000)
 End Bits:   [0x0000000014c28000, 0x0000000016b90000)

Polling page: 0x00000000027c0000

CodeCache: size=245760Kb used=12445Kb max_used=12445Kb free=233314Kb
 bounds [0x0000000002a70000, 0x00000000036a0000, 0x0000000011a70000]
 total_blobs=3887 nmethods=3462 adapters=336
 compilation: enabled

Compilation events (10 events):
Event: 4.278 Thread 0x000000001a11e800 3468       1       java.util.jar.JarInputStream::getManifest (5 bytes)
Event: 4.279 Thread 0x000000001a11e800 nmethod 3468 0x000000000369d2d0 code [0x000000000369d420, 0x000000000369d530]
Event: 4.287 Thread 0x000000001a11e800 3469       3       java.nio.ByteBuffer::arrayOffset (35 bytes)
Event: 4.287 Thread 0x000000001a11e800 nmethod 3469 0x000000000369d590 code [0x000000000369d720, 0x000000000369da38]
Event: 4.287 Thread 0x000000001a11e800 3470       3       java.nio.charset.CoderResult::isUnderflow (13 bytes)
Event: 4.287 Thread 0x000000001a11e800 nmethod 3470 0x000000000369db90 code [0x000000000369dce0, 0x000000000369de90]
Event: 4.287 Thread 0x000000001a11e800 3471       3       java.nio.ByteBuffer::array (35 bytes)
Event: 4.288 Thread 0x000000001a11e800 nmethod 3471 0x000000000369df10 code [0x000000000369e0a0, 0x000000000369e3b8]
Event: 4.295 Thread 0x000000001a11e800 3472       3       org.apache.tomcat.util.modeler.AttributeInfo::setGetMethod (6 bytes)
Event: 4.295 Thread 0x000000001a11e800 nmethod 3472 0x000000000369e510 code [0x000000000369e660, 0x000000000369e7d0]

GC Heap History (10 events):
Event: 1.761 GC heap before
{Heap before GC invocations=4 (full 0):
 PSYoungGen      total 70656K, used 22929K [0x00000000d6200000, 0x00000000dec00000, 0x0000000100000000)
  eden space 65536K, 27% used [0x00000000d6200000,0x00000000d7367810,0x00000000da200000)
  from space 5120K, 99% used [0x00000000da200000,0x00000000da6fce28,0x00000000da700000)
  to   space 5120K, 0% used [0x00000000de700000,0x00000000de700000,0x00000000dec00000)
 ParOldGen       total 86016K, used 5368K [0x0000000082600000, 0x0000000087a00000, 0x00000000d6200000)
  object space 86016K, 6% used [0x0000000082600000,0x0000000082b3e218,0x0000000087a00000)
 Metaspace       used 20578K, capacity 21178K, committed 21248K, reserved 1067008K
  class space    used 2612K, capacity 2779K, committed 2816K, reserved 1048576K
Event: 1.777 GC heap after
Heap after GC invocations=4 (full 0):
 PSYoungGen      total 136192K, used 5096K [0x00000000d6200000, 0x00000000dec00000, 0x0000000100000000)
  eden space 131072K, 0% used [0x00000000d6200000,0x00000000d6200000,0x00000000de200000)
  from space 5120K, 99% used [0x00000000de700000,0x00000000debfa060,0x00000000dec00000)
  to   space 5120K, 0% used [0x00000000de200000,0x00000000de200000,0x00000000de700000)
 ParOldGen       total 86016K, used 7064K [0x0000000082600000, 0x0000000087a00000, 0x00000000d6200000)
  object space 86016K, 8% used [0x0000000082600000,0x0000000082ce63e0,0x0000000087a00000)
 Metaspace       used 20578K, capacity 21178K, committed 21248K, reserved 1067008K
  class space    used 2612K, capacity 2779K, committed 2816K, reserved 1048576K
}
Event: 1.777 GC heap before
{Heap before GC invocations=5 (full 1):
 PSYoungGen      total 136192K, used 5096K [0x00000000d6200000, 0x00000000dec00000, 0x0000000100000000)
  eden space 131072K, 0% used [0x00000000d6200000,0x00000000d6200000,0x00000000de200000)
  from space 5120K, 99% used [0x00000000de700000,0x00000000debfa060,0x00000000dec00000)
  to   space 5120K, 0% used [0x00000000de200000,0x00000000de200000,0x00000000de700000)
 ParOldGen       total 86016K, used 7064K [0x0000000082600000, 0x0000000087a00000, 0x00000000d6200000)
  object space 86016K, 8% used [0x0000000082600000,0x0000000082ce63e0,0x0000000087a00000)
 Metaspace       used 20578K, capacity 21178K, committed 21248K, reserved 1067008K
  class space    used 2612K, capacity 2779K, committed 2816K, reserved 1048576K
Event: 1.832 GC heap after
Heap after GC invocations=5 (full 1):
 PSYoungGen      total 136192K, used 0K [0x00000000d6200000, 0x00000000dec00000, 0x0000000100000000)
  eden space 131072K, 0% used [0x00000000d6200000,0x00000000d6200000,0x00000000de200000)
  from space 5120K, 0% used [0x00000000de700000,0x00000000de700000,0x00000000dec00000)
  to   space 5120K, 0% used [0x00000000de200000,0x00000000de200000,0x00000000de700000)
 ParOldGen       total 57856K, used 6781K [0x0000000082600000, 0x0000000085e80000, 0x00000000d6200000)
  object space 57856K, 11% used [0x0000000082600000,0x0000000082c9f5a8,0x0000000085e80000)
 Metaspace       used 20576K, capacity 21172K, committed 21248K, reserved 1067008K
  class space    used 2611K, capacity 2778K, committed 2816K, reserved 1048576K
}
Event: 3.150 GC heap before
{Heap before GC invocations=6 (full 1):
 PSYoungGen      total 136192K, used 131072K [0x00000000d6200000, 0x00000000dec00000, 0x0000000100000000)
  eden space 131072K, 100% used [0x00000000d6200000,0x00000000de200000,0x00000000de200000)
  from space 5120K, 0% used [0x00000000de700000,0x00000000de700000,0x00000000dec00000)
  to   space 5120K, 0% used [0x00000000de200000,0x00000000de200000,0x00000000de700000)
 ParOldGen       total 57856K, used 6781K [0x0000000082600000, 0x0000000085e80000, 0x00000000d6200000)
  object space 57856K, 11% used [0x0000000082600000,0x0000000082c9f5a8,0x0000000085e80000)
 Metaspace       used 30178K, capacity 31120K, committed 31232K, reserved 1077248K
  class space    used 3869K, capacity 4088K, committed 4096K, reserved 1048576K
Event: 3.161 GC heap after
Heap after GC invocations=6 (full 1):
 PSYoungGen      total 136192K, used 5110K [0x00000000d6200000, 0x00000000e3f00000, 0x0000000100000000)
  eden space 131072K, 0% used [0x00000000d6200000,0x00000000d6200000,0x00000000de200000)
  from space 5120K, 99% used [0x00000000de200000,0x00000000de6fd908,0x00000000de700000)
  to   space 12800K, 0% used [0x00000000e3280000,0x00000000e3280000,0x00000000e3f00000)
 ParOldGen       total 57856K, used 13700K [0x0000000082600000, 0x0000000085e80000, 0x00000000d6200000)
  object space 57856K, 23% used [0x0000000082600000,0x00000000833611d0,0x0000000085e80000)
 Metaspace       used 30178K, capacity 31120K, committed 31232K, reserved 1077248K
  class space    used 3869K, capacity 4088K, committed 4096K, reserved 1048576K
}
Event: 4.101 GC heap before
{Heap before GC invocations=7 (full 1):
 PSYoungGen      total 136192K, used 94177K [0x00000000d6200000, 0x00000000e3f00000, 0x0000000100000000)
  eden space 131072K, 67% used [0x00000000d6200000,0x00000000db8facb8,0x00000000de200000)
  from space 5120K, 99% used [0x00000000de200000,0x00000000de6fd908,0x00000000de700000)
  to   space 12800K, 0% used [0x00000000e3280000,0x00000000e3280000,0x00000000e3f00000)
 ParOldGen       total 57856K, used 13700K [0x0000000082600000, 0x0000000085e80000, 0x00000000d6200000)
  object space 57856K, 23% used [0x0000000082600000,0x00000000833611d0,0x0000000085e80000)
 Metaspace       used 33942K, capacity 35334K, committed 35416K, reserved 1081344K
  class space    used 4321K, capacity 4599K, committed 4608K, reserved 1048576K
Event: 4.111 GC heap after
Heap after GC invocations=7 (full 1):
 PSYoungGen      total 204800K, used 10264K [0x00000000d6200000, 0x00000000e3d00000, 0x0000000100000000)
  eden space 194048K, 0% used [0x00000000d6200000,0x00000000d6200000,0x00000000e1f80000)
  from space 10752K, 95% used [0x00000000e3280000,0x00000000e3c861d8,0x00000000e3d00000)
  to   space 13312K, 0% used [0x00000000e2300000,0x00000000e2300000,0x00000000e3000000)
 ParOldGen       total 57856K, used 13708K [0x0000000082600000, 0x0000000085e80000, 0x00000000d6200000)
  object space 57856K, 23% used [0x0000000082600000,0x00000000833631d0,0x0000000085e80000)
 Metaspace       used 33942K, capacity 35334K, committed 35416K, reserved 1081344K
  class space    used 4321K, capacity 4599K, committed 4608K, reserved 1048576K
}
Event: 4.111 GC heap before
{Heap before GC invocations=8 (full 2):
 PSYoungGen      total 204800K, used 10264K [0x00000000d6200000, 0x00000000e3d00000, 0x0000000100000000)
  eden space 194048K, 0% used [0x00000000d6200000,0x00000000d6200000,0x00000000e1f80000)
  from space 10752K, 95% used [0x00000000e3280000,0x00000000e3c861d8,0x00000000e3d00000)
  to   space 13312K, 0% used [0x00000000e2300000,0x00000000e2300000,0x00000000e3000000)
 ParOldGen       total 57856K, used 13708K [0x0000000082600000, 0x0000000085e80000, 0x00000000d6200000)
  object space 57856K, 23% used [0x0000000082600000,0x00000000833631d0,0x0000000085e80000)
 Metaspace       used 33942K, capacity 35334K, committed 35416K, reserved 1081344K
  class space    used 4321K, capacity 4599K, committed 4608K, reserved 1048576K
Event: 4.180 GC heap after
Heap after GC invocations=8 (full 2):
 PSYoungGen      total 204800K, used 0K [0x00000000d6200000, 0x00000000e3d00000, 0x0000000100000000)
  eden space 194048K, 0% used [0x00000000d6200000,0x00000000d6200000,0x00000000e1f80000)
  from space 10752K, 0% used [0x00000000e3280000,0x00000000e3280000,0x00000000e3d00000)
  to   space 13312K, 0% used [0x00000000e2300000,0x00000000e2300000,0x00000000e3000000)
 ParOldGen       total 93184K, used 15157K [0x0000000082600000, 0x0000000088100000, 0x00000000d6200000)
  object space 93184K, 16% used [0x0000000082600000,0x00000000834cd598,0x0000000088100000)
 Metaspace       used 33942K, capacity 35334K, committed 35416K, reserved 1081344K
  class space    used 4321K, capacity 4599K, committed 4608K, reserved 1048576K
}

Deoptimization events (10 events):
Event: 3.666 Thread 0x000000001afa0800 Uncommon trap: reason=class_check action=maybe_recompile pc=0x0000000003243f14 method=java.util.AbstractList$Itr.hasNext()Z @ 8
Event: 3.666 Thread 0x000000001afa0800 Uncommon trap: reason=class_check action=maybe_recompile pc=0x00000000034da004 method=java.util.AbstractList$Itr.next()Ljava/lang/Object; @ 14
Event: 3.673 Thread 0x000000001afa0800 Uncommon trap: reason=unstable_if action=reinterpret pc=0x0000000002ba4b1c method=sun.nio.cs.UTF_8$Encoder.encode([CII[B)I @ 33
Event: 4.000 Thread 0x000000001afa0800 Uncommon trap: reason=null_check action=make_not_entrant pc=0x00000000030d9ee4 method=org.apache.tomcat.util.IntrospectionUtils.findMethods(Ljava/lang/Class;)[Ljava/lang/reflect/Method; @ 7
Event: 4.084 Thread 0x000000001afa0800 Uncommon trap: reason=unstable_if action=reinterpret pc=0x000000000309a400 method=com.sun.org.apache.xerces.internal.util.SymbolTable.addSymbol([CII)Ljava/lang/String; @ 38
Event: 4.235 Thread 0x000000001afa0800 Uncommon trap: reason=null_check action=make_not_entrant pc=0x0000000003063508 method=java.net.URL.getURLStreamHandler(Ljava/lang/String;)Ljava/net/URLStreamHandler; @ 7
Event: 4.242 Thread 0x000000001afa0800 Uncommon trap: reason=class_check action=maybe_recompile pc=0x0000000002f5d458 method=java.util.zip.InflaterInputStream.read([BII)I @ 100
Event: 4.243 Thread 0x000000001afa0800 Uncommon trap: reason=class_check action=maybe_recompile pc=0x0000000002f5d458 method=java.util.zip.InflaterInputStream.read([BII)I @ 100
Event: 4.243 Thread 0x000000001afa0800 Uncommon trap: reason=class_check action=maybe_recompile pc=0x0000000002f5d458 method=java.util.zip.InflaterInputStream.read([BII)I @ 100
Event: 4.243 Thread 0x000000001afa0800 Uncommon trap: reason=class_check action=maybe_recompile pc=0x0000000002f5d458 method=java.util.zip.InflaterInputStream.read([BII)I @ 100

Internal exceptions (10 events):
Event: 3.651 Thread 0x000000001afa0800 Exception <a 'java/lang/ClassNotFoundException': org/springframework/boot/autoconfigure/web/servlet/error/ErrorMvcAutoConfigurationCustomizer> (0x00000000da551280) thrown at [C:\re\workspace\8-2-build-windows-amd64-cygwin\jdk8u101\7261\hotspot\src\share\vm£ÉÅX7@
Event: 3.652 Thread 0x000000001afa0800 Exception <a 'java/lang/ClassNotFoundException': org/springframework/boot/autoconfigure/web/servlet/error/ErrorMvcAutoConfiguration$$EnhancerBySpringCGLIB$$eaa928efCustomizer> (0x00000000da58a010) thrown at [C:\re\workspace\8-2-build-windows-amd64-cygwin\j5ÂY
Event: 3.653 Thread 0x000000001afa0800 Exception <a 'java/lang/ClassNotFoundException': org/springframework/context/annotation/ConfigurationClassEnhancer$EnhancedConfigurationCustomizer> (0x00000000da5bfc58) thrown at [C:\re\workspace\8-2-build-windows-amd64-cygwin\jdk8u101\7261\hotspot\src\shaÆ~`Ø«9@
Event: 3.653 Thread 0x000000001afa0800 Exception <a 'java/lang/ClassNotFoundException': org/springframework/beans/factory/BeanFactoryAwareCustomizer> (0x00000000da5def40) thrown at [C:\re\workspace\8-2-build-windows-amd64-cygwin\jdk8u101\7261\hotspot\src\share\vm\classfile\systemDictionary.cpp,´ú48[:@
Event: 3.653 Thread 0x000000001afa0800 Exception <a 'java/lang/ClassNotFoundException': org/springframework/beans/factory/AwareCustomizer> (0x00000000da5fb728) thrown at [C:\re\workspace\8-2-build-windows-amd64-cygwin\jdk8u101\7261\hotspot\src\share\vm\classfile\systemDictionary.cpp, line 210]
Event: 3.657 Thread 0x000000001afa0800 Exception <a 'java/lang/ClassNotFoundException': java/lang/ObjectCustomizer> (0x00000000da697c90) thrown at [C:\re\workspace\8-2-build-windows-amd64-cygwin\jdk8u101\7261\hotspot\src\share\vm\classfile\systemDictionary.cpp, line 210]
Event: 3.658 Thread 0x000000001afa0800 Exception <a 'java/lang/ClassNotFoundException': org/springframework/boot/autoconfigure/web/servlet/error/ErrorMvcAutoConfiguration$ErrorPageCustomizerCustomizer> (0x00000000da6cba58) thrown at [C:\re\workspace\8-2-build-windows-amd64-cygwin\jdk8u101\7261\
Event: 3.658 Thread 0x000000001afa0800 Exception <a 'java/lang/ClassNotFoundException': org/springframework/boot/web/server/ErrorPageRegistrarCustomizer> (0x00000000da6f0178) thrown at [C:\re\workspace\8-2-build-windows-amd64-cygwin\jdk8u101\7261\hotspot\src\share\vm\classfile\systemDictionary._™·ê:D@
Event: 3.658 Thread 0x000000001afa0800 Exception <a 'java/lang/ClassNotFoundException': org/springframework/core/OrderedCustomizer> (0x00000000da708ea8) thrown at [C:\re\workspace\8-2-build-windows-amd64-cygwin\jdk8u101\7261\hotspot\src\share\vm\classfile\systemDictionary.cpp, line 210]
Event: 4.235 Thread 0x000000001afa0800 Implicit null exception at 0x00000000030611ec to 0x00000000030634fd

Events (10 events):
Event: 4.298 loading class javax/annotation/security/DeclareRoles
Event: 4.298 loading class javax/annotation/security/DeclareRoles done
Event: 4.298 loading class javax/servlet/ServletContextEvent
Event: 4.298 loading class javax/servlet/ServletContextEvent done
Event: 4.298 loading class org/apache/catalina/servlets/DefaultServlet
Event: 4.298 loading class org/apache/catalina/servlets/DefaultServlet done
Event: 4.301 loading class javax/xml/parsers/DocumentBuilderFactory
Event: 4.302 loading class javax/xml/parsers/DocumentBuilderFactory done
Event: 4.302 loading class org/apache/catalina/servlets/DefaultServlet$SecureEntityResolver
Event: 4.302 loading class org/apache/catalina/servlets/DefaultServlet$SecureEntityResolver done


Dynamic libraries:
0x00007ff7e56c0000 - 0x00007ff7e56f7000 	D:\Java\jdk1.8.0_101\jre\bin\java.exe
0x00007fff99050000 - 0x00007fff99245000 	C:\Windows\SYSTEM32\ntdll.dll
0x00007fff983d0000 - 0x00007fff9848d000 	C:\Windows\System32\KERNEL32.DLL
0x00007fff96cc0000 - 0x00007fff96f89000 	C:\Windows\System32\KERNELBASE.dll
0x00007fff984c0000 - 0x00007fff9856c000 	C:\Windows\System32\ADVAPI32.dll
0x00007fff98330000 - 0x00007fff983ce000 	C:\Windows\System32\msvcrt.dll
0x00007fff98290000 - 0x00007fff9832b000 	C:\Windows\System32\sechost.dll
0x00007fff97ad0000 - 0x00007fff97bfa000 	C:\Windows\System32\RPCRT4.dll
0x00007fff970c0000 - 0x00007fff97260000 	C:\Windows\System32\USER32.dll
0x00007fff969e0000 - 0x00007fff96a02000 	C:\Windows\System32\win32u.dll
0x00007fff98490000 - 0x00007fff984ba000 	C:\Windows\System32\GDI32.dll
0x00007fff96ab0000 - 0x00007fff96bbb000 	C:\Windows\System32\gdi32full.dll
0x00007fff96a10000 - 0x00007fff96aad000 	C:\Windows\System32\msvcp_win.dll
0x00007fff96bc0000 - 0x00007fff96cc0000 	C:\Windows\System32\ucrtbase.dll
0x00007fff95bb0000 - 0x00007fff95e4a000 	C:\Windows\WinSxS\amd64_microsoft.windows.common-controls_6595b64144ccf1df_6.0.19041.1110_none_60b5254171f9507e\COMCTL32.dll
0x00007fff98c70000 - 0x00007fff98ca0000 	C:\Windows\System32\IMM32.DLL
0x0000000059e80000 - 0x0000000059f52000 	D:\Java\jdk1.8.0_101\jre\bin\msvcr100.dll
0x0000000059340000 - 0x0000000059bda000 	D:\Java\jdk1.8.0_101\jre\bin\server\jvm.dll
0x00007fff981a0000 - 0x00007fff981a8000 	C:\Windows\System32\PSAPI.DLL
0x00007fff78d90000 - 0x00007fff78d99000 	C:\Windows\SYSTEM32\WSOCK32.dll
0x00007fff85630000 - 0x00007fff85657000 	C:\Windows\SYSTEM32\WINMM.dll
0x00007fff8e6b0000 - 0x00007fff8e6ba000 	C:\Windows\SYSTEM32\VERSION.dll
0x00007fff98220000 - 0x00007fff9828b000 	C:\Windows\System32\WS2_32.dll
0x000000005aa30000 - 0x000000005aa3f000 	D:\Java\jdk1.8.0_101\jre\bin\verify.dll
0x000000005aa00000 - 0x000000005aa29000 	D:\Java\jdk1.8.0_101\jre\bin\java.dll
0x0000000059e30000 - 0x0000000059e53000 	D:\Java\jdk1.8.0_101\jre\bin\instrument.dll
0x000000005a9e0000 - 0x000000005a9f6000 	D:\Java\jdk1.8.0_101\jre\bin\zip.dll
0x00007fff97260000 - 0x00007fff9799f000 	C:\Windows\System32\SHELL32.dll
0x00007fff94250000 - 0x00007fff949e1000 	C:\Windows\SYSTEM32\windows.storage.dll
0x00007fff98780000 - 0x00007fff98ad5000 	C:\Windows\System32\combase.dll
0x00007fff95b10000 - 0x00007fff95b3c000 	C:\Windows\SYSTEM32\Wldp.dll
0x00007fff98bc0000 - 0x00007fff98c6e000 	C:\Windows\System32\SHCORE.dll
0x00007fff97c00000 - 0x00007fff97c55000 	C:\Windows\System32\shlwapi.dll
0x00007fff966d0000 - 0x00007fff966ef000 	C:\Windows\SYSTEM32\profapi.dll
0x00007fff7d360000 - 0x00007fff7d37a000 	D:\Program Files\JetBrains\IntelliJ IDEA 2020.3\bin\breakgen64.dll
0x000000005a9c0000 - 0x000000005a9da000 	D:\Java\jdk1.8.0_101\jre\bin\net.dll
0x00007fff959e0000 - 0x00007fff95a4a000 	C:\Windows\system32\mswsock.dll
0x0000000059e20000 - 0x0000000059e2d000 	D:\Java\jdk1.8.0_101\jre\bin\management.dll
0x00007fff77a30000 - 0x00007fff77a47000 	C:\Windows\system32\napinsp.dll
0x00007fff76e40000 - 0x00007fff76e5b000 	C:\Windows\system32\pnrpnsp.dll
0x00007fff90e20000 - 0x00007fff90e35000 	C:\Windows\system32\wshbth.dll
0x00007fff918f0000 - 0x00007fff9190d000 	C:\Windows\system32\NLAapi.dll
0x00007fff95560000 - 0x00007fff9559b000 	C:\Windows\SYSTEM32\IPHLPAPI.DLL
0x00007fff955a0000 - 0x00007fff9566c000 	C:\Windows\SYSTEM32\DNSAPI.dll
0x00007fff97ac0000 - 0x00007fff97ac8000 	C:\Windows\System32\NSI.dll
0x00007fff76d60000 - 0x00007fff76d72000 	C:\Windows\System32\winrnr.dll
0x00007fff8b9e0000 - 0x00007fff8b9ea000 	C:\Windows\System32\rasadhlp.dll
0x00007fff84d10000 - 0x00007fff84d8f000 	C:\Windows\System32\fwpuclnt.dll
0x00007fff96f90000 - 0x00007fff96fb7000 	C:\Windows\System32\bcrypt.dll
0x000000005a120000 - 0x000000005a131000 	D:\Java\jdk1.8.0_101\jre\bin\nio.dll
0x00007fff96520000 - 0x00007fff96538000 	C:\Windows\SYSTEM32\CRYPTSP.dll
0x00007fff95230000 - 0x00007fff95264000 	C:\Windows\system32\rsaenh.dll
0x00007fff96650000 - 0x00007fff9667e000 	C:\Windows\SYSTEM32\USERENV.dll
0x00007fff96790000 - 0x00007fff96813000 	C:\Windows\System32\bcryptprimitives.dll
0x00007fff95ad0000 - 0x00007fff95adc000 	C:\Windows\SYSTEM32\CRYPTBASE.dll
0x00007fff8b8f0000 - 0x00007fff8b907000 	C:\Windows\SYSTEM32\dhcpcsvc6.DLL
0x00007fff86650000 - 0x00007fff8666d000 	C:\Windows\SYSTEM32\dhcpcsvc.DLL

VM Arguments:
jvm_args: -javaagent:D:\Program Files\JetBrains\IntelliJ IDEA 2020.3\lib\idea_rt.jar=54795:D:\Program Files\JetBrains\IntelliJ IDEA 2020.3\bin -Dfile.encoding=UTF-8 -XX:CompileCommandFile=C:\Users\LIAOXI~1\AppData\Local\Temp\jmh2179896270043632577compilecommand 
java_command: org.openjdk.jmh.runner.ForkedMain 127.0.0.1 54800
java_class_path (initial): D:\Java\jdk1.8.0_101\jre\lib\charsets.jar;D:\Java\jdk1.8.0_101\jre\lib\deploy.jar;D:\Java\jdk1.8.0_101\jre\lib\ext\access-bridge-64.jar;D:\Java\jdk1.8.0_101\jre\lib\ext\cldrdata.jar;D:\Java\jdk1.8.0_101\jre\lib\ext\dnsns.jar;D:\Java\jdk1.8.0_101\jre\lib\ext\jaccess.jar;D:\Java\jdk1.8.0_101\jre\lib\ext\jfxrt.jar;D:\Java\jdk1.8.0_101\jre\lib\ext\localedata.jar;D:\Java\jdk1.8.0_101\jre\lib\ext\nashorn.jar;D:\Java\jdk1.8.0_101\jre\lib\ext\sunec.jar;D:\Java\jdk1.8.0_101\jre\lib\ext\sunjce_provider.jar;D:\Java\jdk1.8.0_101\jre\lib\ext\sunmscapi.jar;D:\Java\jdk1.8.0_101\jre\lib\ext\sunpkcs11.jar;D:\Java\jdk1.8.0_101\jre\lib\ext\zipfs.jar;D:\Java\jdk1.8.0_101\jre\lib\javaws.jar;D:\Java\jdk1.8.0_101\jre\lib\jce.jar;D:\Java\jdk1.8.0_101\jre\lib\jfr.jar;D:\Java\jdk1.8.0_101\jre\lib\jfxswt.jar;D:\Java\jdk1.8.0_101\jre\lib\jsse.jar;D:\Java\jdk1.8.0_101\jre\lib\management-agent.jar;D:\Java\jdk1.8.0_101\jre\lib\plugin.jar;D:\Java\jdk1.8.0_101\jre\lib\resources.jar;D:\Java\jdk1.8.0_101\jre\lib\rt.jar;E:\Projects\IdeaProjects\xdclass-c\coupon-app\target\test-classes;E:\Projects\IdeaProjects\xdclass-c\coupon-app\target\classes;D:\Maven\apache-maven-3.6.3\lib\org\springframework\boot\spring-boot-starter-web\2.1.6.RELEASE\spring-boot-starter-web-2.1.6.RELEASE.jar;D:\Maven\apache-maven-3.6.3\lib\org\springframework\boot\spring-boot-starter\2.1.6.RELEASE\spring-boot-starter-2.1.6.RELEASE.jar;D:\Maven\apache-maven-3.6.3\lib\org\springframework\boot\spring-boot-starter-logging\2.1.6.RELEASE\spring-boot-starter-logging-2.1.6.RELEASE.jar;D:\Maven\apache-maven-3.6.3\lib\ch\qos\logback\logback-classic\1.2.3\logback-classic-1.2.3.jar;D:\Maven\apache-maven-3.6.3\lib\ch\qos\logback\logback-core\1.2.3\logback-core-1.2.3.jar;D:\Maven\apache-maven-3.6.3\lib\org\apache\logging\log4j\log4j-to-slf4j\2.11.2\log4j-to-slf4j-2.11.2.jar;D:\Maven\apache-maven-3.6.3\lib\org\apache\logging\log4j\log4j-api\2.11.2\log4j-api-2.11.2.jar;D:\Maven\apache-maven-3.6.3\lib\org\slf4j\jul-to-
Launcher Type: SUN_STANDARD

Environment Variables:
JAVA_HOME=D:\Java\jdk1.8.0_101
CLASSPATH=.;D:\Java\jdk1.8.0_101\lib;D:\Java\jdk1.8.0_101\lib\tools.jar;D:\Jmeter\apache-jmeter-5.4.1\lib\ext\ApacheJMeter_core.jar;D:\Jmeter\apache-jmeter-5.4.1\lib\jorphan.jar;D:\Jmeter\apache-jmeter-5.4.1\lib\logkit-2.0.jar;
PATH=D:\Java\apache-tomcat-9.0.44\lib;D:\Java\apache-tomcat-9.0.44\lib\servlet-api.jar;D:\Java\apache-tomcat-9.0.44\lib\jsp-api.jar;C:\ProgramData\Oracle\Java\javapath;C:\Windows\system32;C:\Windows;C:\Windows\System32\Wbem;C:\Windows\System32\WindowsPowerShell\v1.0\;C:\Windows\System32\OpenSSH\;C:\Program Files (x86)\NVIDIA Corporation\PhysX\Common;C:\Windows\system32;C:\Windows;C:\Windows\System32\Wbem;C:\Windows\System32\WindowsPowerShell\v1.0\;C:\Windows\System32\OpenSSH\;C:\Program Files\Intel\WiFi\bin\;C:\Program Files\Common Files\Intel\WirelessCommon\;D:\Java\jdk1.8.0_101\bin;D:\Java\jdk1.8.0_101\jre\bin;D:\Maven\apache-maven-3.6.3\bin;D:\pythonall;D:\Git\cmd£»C:\Users\liaoxilin\AppData\Local\Programs\Python;D:\Jmeter\apache-jmeter-5.4.1\bin;D:\Program Files\nodejs\;D:\Program Files\NetSarang\Xshell 7\;D:\Program Files\NetSarang\Xftp 7\;C:\Users\liaoxilin\AppData\Local\Programs\Python\Python38\Scripts\;C:\Users\liaoxilin\AppData\Local\Programs\Python\Python38\;C:\Users\liaoxilin\AppData\Local\Microsoft\WindowsApps;D:\Program Files\JetBrains\PyCharm 2020.3.3\bin;;C:\Program Files\MySQL\MySQL Server 8.0\bin;C:\Users\liaoxilin\AppData\Roaming\npm;
USERNAME=liaoxilin
OS=Windows_NT
PROCESSOR_IDENTIFIER=Intel64 Family 6 Model 142 Stepping 11, GenuineIntel



---------------  S Y S T E M  ---------------

OS: Windows 10.0 , 64 bit Build 19041 (10.0.19041.1023)

CPU:total 8 (4 cores per cpu, 2 threads per core) family 6 model 142 stepping 11, cmov, cx8, fxsr, mmx, sse, sse2, sse3, ssse3, sse4.1, sse4.2, popcnt, avx, avx2, aes, clmul, erms, 3dnowpref, lzcnt, ht, tsc, tscinvbit, bmi1, bmi2, adx

Memory: 4k page, physical 8230708k(256892k free), swap 18716464k(460k free)

vm_info: Java HotSpot(TM) 64-Bit Server VM (25.101-b13) for windows-amd64 JRE (1.8.0_101-b13), built on Jun 22 2016 01:21:29 by "java_re" with MS VC++ 10.0 (VS2010)

time: Thu Aug 05 10:57:04 2021
elapsed time: 4 seconds (0d 0h 0m 4s)

